[RUN #0 50 100]
-344 877 -873 32 -142 -451 -414 -706 875 -131 607 406 891 -325 -102 -863 -151 491 33 993 -470 -294 -618 -670 486 635 873 -368 -924 401 -186 -657 -447 -392 -757 927 986 -620 -793 -35 -732 -598 892 -289 -410 689 976 -555 -278 -588
-435 578 -470 35 211 -306 -177 18 387 639 -518 -338 385 -530 906 -360 -790 -612 -626 -484 -963 -358 535 936 335 95 637 -767 160 -892 345 136 -291 -908 995 -320 286 -515 2 842 -52 -254 309 754 -87 401 808 -108 -579 -365
-645 185 -53 686 -696 -314 498 535 -757 866 -192 451 885 657 450 68 -840 -380 -687 506 -859 465 -823 666 883 -130 734 -698 -195 692 285 236 -326 -205 -471 679 960 -6 56 862 -306 -339 818 356 -239 12 -290 2 606 786
737 -470 -497 720 951 338 -727 -64 -560 -963 466 -510 929 -147 -29 975 -709 -206 -628 857 927 138 -242 -495 -933 716 -177 199 -478 13 -96 -111 -27 -898 37 535 279 614 -89 -232 531 728 -469 -322 -729 968 -243 -564 -180 200
120 679 -366 634 -101 -960 707 -928 944 601 -678 821 809 -154 -670 -295 226 131 -505 -125 -882 676 85 -313 -5 705 -75 580 -360 -32 86 -580 156 567 -541 -911 -428 -309 -907 632 478 -462 927 -775 -511 -14 64 442 -752 -166
778 329 -626 554 962 -301 566 -849 344 276 -269 927 -728 -520 -986 -839 609 -887 -429 -601 994 -774 198 -202 817 942 -803 786 481 272 857 604 -567 40 393 451 436 65 797 661 636 233 -397 178 -98 -325 -431 -840 963 -366
[RUN #1 50 100]
-7 151 -543 847 -882 203 489 -354 -134 -684 361 797 836 339 -385 42 742 -42 21 934 -403 -177 -242 313 342 -417 109 699 -105 846 473 -996 -14 -224 276 710 811 -945 -886 -985 134 856 981 994 -538 -544 -781 -668 -299 348
596 231 386 -263 776 -202 767 784 -696 -405 271 798 519 570 -33 787 -259 907 -774 -135 26 -235 -7 398 -223 -70 527 -317 920 -322 946 -348 -922 982 547 -558 -157 -745 -393 -662 -179 681 438 528 861 17 76 -55 898 -598
-680 -215 25 -372 -293 -124 932 -937 762 -402 307 -23 606 21 -946 -934 -750 608 -515 -106 801 527 355 -341 484 83 -53 13 325 -3 -916 946 -782 -940 394 282 650 -714 432 71 668 -277 -47 493 609 591 741 964 926 283
-141 650 -12 890 -240 -757 765 462 402 908 800 -681 387 -161 175 459 -833 381 -115 600 -278 -558 229 210 -836 996 -57 -120 -183 267 837 395 129 658 168 380 -283 -621 143 -85 743 -263 -696 736 848 -868 490 -767 780 -32
982 -712 -56 828 -287 -308 -14 408 942 691 -748 456 672 928 436 226 -434 29 284 -39 -81 -706 -142 -577 723 -548 -616 548 802 51 -167 -206 -45 699 -920 391 -550 -173 -569 999 -640 -43 753 -855 460 522 973 355 -791 -396
-67 -630 -107 -609 -463 -465 -731 -436 -64 -855 -122 969 -182 -877 -556 159 961 913 -493 346 390 155 806 -342 -692 -441 -977 35 -260 529 829 736 209 -372 977 768 978 -475 479 -408 432 -210 974 631 -336 152 -520 -169 301 335
787 -463 -433 720 -327 -336 635 -300 -431 509 384 -182 491 355 -863 -476 439 -312 -141 505 -968 -99 -84 -506 -344 777 342 -36 -673 -802 -615 334 856 61 876 195 225 -773 -301 -454 -378 764 900 -639 -717 377 683 -133 -50 -309
-980 272 988 -307 -113 464 -964 473 997 -824 562 815 103 923 -432 39 416 -475 -852 -665 -843 -721 433 -393 533 -566 755 -215 -315 -373 45 -891 -604 687 -815 -89 33 -359 832 -36 316 252 581 -440 359 -662 81 554 -717 -895
-881 -199 471 -355 518 625 -288 -820 989 578 -305 959 -182 -593 -930 141 -570 -437 -772 -827 341 379 145 -769 -534 321 -988 -371 -118 828 -775 -622 652 -555 540 -424 -596 -165 583 -926 3 -982 -880 845 76 -607 -631 748 723 -572
-656 -263 -239 -932 252 -212 -241 -989 -235 -205 -693 578 853 723 502 -623 799 -571 780 51 125 -506 528 -296 -197 946 285 823 -367 997 -114 565 -400 406 637 -33 -668 859 101 -848 75 -564 -815 547 692 -60 133 -817 -482 227
-595 222 712 -632 -860 480 -327 482 -39 394 496 72 -604 979 -529 -657 0 -869 -313 754 -240 -765 629 473 -412 -273 -502 763 335 118 273 41 970 -277 531 -78 -60 894 -23 -732 -867 -178 -318 -114 23 659 -83 867 -235 510
-849 -119 -434 -968 575 264 685 -829 910 836 -424 -161 320 -769 -190 96 25 668 128 -93 -616 -407 24 -463 638 721 847 -183 -896 -621 800 52 107 -525 443 -333 -468 -978 -542 654 345 760 683 180 -836 -887 890 982 -323 2
-459 -879 55 -899 668 -430 992 45 -601 -236 493 75 -586 412 -340 732 63 230 21 -194 -179 499 -219 328 -856 748 184 -407 889 552 -1000 333 61 -29 375 -608 752 -214 433 -358 -353 -878 -881 953 -520 469 -427 -254 373 -710
145 -32 861 -482 -163 -699 794 967 277 -548 -697 211 -397 231 721 168 -252 -117 93 -855 -529 -335 405 -947 873 589 308 155 -144 367 435 509 119 800 -921 41 -280 -770 -688 -460 518 -58 -362 692 -383 802 605 407 262 -616
-430 791 -716 518 -825 705 202 830 -266 46 -919 -8 -515 -141 -682 -850 -13 411 431 -238 -691 18 927 -828 585 908 740 455 704 821 -981 72 -456 373 678 281 399 -146 -770 706 636 111 353 -527 588 -136 -684 -844 -760 145
775 -18 615 611 105 -340 -64 -743 -808 -910 -228 417 838 -106 -511 -978 -834 15 -679 484 -41 295 -425 -686 -503 -670 456 -682 -916 111 520 -643 446 -779 798 704 287 19 930 519 224 753 -780 -705 -451 7 -732 -569 633 -812
-787 939 -484 603 381 -133 -382 259 862 659 11 -698 -365 178 -321 -900 -998 906 -243 -67 -656 299 -709 -419 724 579 -387 208 -350 546 -855 -424 160 768 -734 89 -344 55 495 371 311 -890 -856 910 239 771 -113 815 -207 -563
-896 29 871 -638 -519 -902 161 649 -93 -949 360 748 555 86 -143 929 -241 213 -542 564 966 738 -9 313 829 355 -475 654 965 262 -398 -90 -208 234 173 -825 168 941 -168 -110 291 755 -64 -580 212 -515 -255 -200 391 983
-106 551 269 -153 -353 288 -235 120 728 -19 472 7 -281 -107 -185 498 -339 830 -770 976 650 -910 660 205 -211 -640 -2 532 -290 -283 393 -885 126 -176 -86 -460 879 -57 37 -266 904 -525 809 411 412 -296 -115 62 -916 563
428 534 88 282 860 -26 429 579 -665 863 107 136 355 -385 -744 975 -8 -214 -916 176 103 -554 880 582 220 -641 -485 51 -581 127 52 -683 934 22 -238 40 -853 -912 -551 -655 109 -297 569 -54 -948 650 101 -957 114 -866
-238 -300 -7 -801 -884 350 303 -229 -648 836 14 879 774 928 86 -667 645 995 270 660 -843 319 647 418 -382 470 47 728 -66 -114 -392 797 -998 -893 -968 -879 438 -452 -677 -867 668 975 780 -929 589 -368 -112 161 721 200
-702 -468 958 -119 762 -80 718 725 -426 -647 -605 290 -699 -249 -907 541 485 104 -564 233 496 -391 572 991 -918 192 374 -305 500 -752 -51 -624 544 -547 -614 -295 765 -984 135 584 -40 326 349 -104 -530 556 -834 -133 -535 419
652 630 -488 -694 -885 -40 -919 385 -453 -379 821 797 272 -114 -61 -326 -317 -662 -750 996 568 597 537 551 588 595 -57 1 -911 418 415 76 -102 -423 -982 -623 -830 729 503 102 952 971 976 795 -196 -156 755 -356 -981 221
-215 -91 819 630 -345 176 -25 838 -43 825 533 85 -558 -653 -822 -294 461 -915 -794 -452 636 605 -797 -234 611 910 -173 -394 299 491 -391 -23 -109 -815 -121 753 -290 -780 -659 157 22 302 -610 167 206 -920 292 28 -28 66
-622 603 -814 553 574 932 -722 -485 939 -90 -765 -106 -336 112 -971 0 220 702 -553 -415 -265 48 -547 -930 -2 -6 815 -377 968 147 -68 405 -663 828 633 -426 -401 965 419 254 -559 649 -742 -898 282 294 806 -753 59 -733
-550 602 309 -923 -478 481 -240 212 -892 808 999 984 475 340 -582 35 655 -178 -956 -572 -902 -857 -268 -937 -693 -265 157 518 272 164 469 -203 -515 -282 810 -52 550 -583 131 -991 -824 647 758 959 675 648 538 329 -262 -413
168 -318 -491 -738 -268 100 560 866 -739 -814 -471 -832 471 630 808 -893 -391 463 641 858 -594 140 -417 -139 -412 546 61 456 -1000 -1 -50 570 -834 -595 762 -195 133 -513 649 199 -49 -133 -373 -141 498 933 510 901 701 -627
-768 208 83 -863 112 -936 928 -651 556 946 997 528 767 -356 -949 998 -774 570 -186 713 415 860 181 -299 -983 -546 564 55 -499 624 -246 -969 -926 -400 752 526 -282 408 812 -882 864 359 -952 -661 -664 -832 -135 417 -737 -296
88 338 433 302 -584 843 -386 -62 848 420 939 632 654 930 -506 29 95 449 250 831 -707 877 -359 857 -807 145 -344 -568 613 -912 849 997 -209 -199 698 816 504 28 -572 44 -756 400 564 428 -189 629 807 -83 160 -453
-704 946 237 -834 11 -846 -556 -880 425 492 -29 -811 514 639 894 840 292 394 771 -663 608 -290 724 -549 726 -949 38 -587 -376 -130 676 -386 359 306 -800 -924 556 -633 23 358 413 -308 131 728 -24 920 -845 931 -866 909
359 642 -972 446 575 82 -578 169 901 -587 643 -575 254 -279 122 -657 72 -156 -568 -883 112 699 -101 -102 -230 -733 666 -498 -70 -615 -546 -670 -123 57 -402 -405 -877 222 -270 533 -72 -168 73 -843 573 717 76 -529 -888 -181
883 -984 -659 170 -418 -694 760 -721 -935 600 592 -590 235 -101 -864 -396 32 -75 -158 -363 -301 -438 -522 131 -815 867 -427 691 -680 -292 747 -321 -717 -505 -840 -981 -189 -115 637 -10 856 -833 774 91 106 123 -370 304 -242 443
349 576 762 -60 426 494 333 -140 -114 408 -258 939 -338 513 202 162 -130 54 -350 435 354 717 -357 375 994 -346 -724 765 -457 -526 -65 -664 -614 761 325 17 -501 -565 742 662 1 524 -183 -16 817 352 909 -116 -148 163
984 -787 -394 -284 255 -390 794 891 -468 927 58 -92 236 16 -457 -48 -823 -101 807 -772 -38 686 434 -896 514 -782 -721 -498 -177 845 -974 -637 -929 -148 615 590 614 256 -885 -432 -718 748 -51 -222 -170 508 -246 20 366 219
869 71 863 -92 472 191 463 129 -462 -282 -376 -764 -797 -11 816 897 252 -191 -981 -792 -759 379 164 -752 972 -439 321 -335 -1000 -589 0 315 96 303 557 283 254 -820 478 136 927 -273 100 65 391 -197 520 -844 -81 -727
318 -571 364 866 181 -305 647 174 -572 821 -769 936 -448 997 -386 -188 283 -935 223 -783 -89 430 614 884 738 -807 827 27 450 529 1 437 -882 -385 975 -563 -369 -389 723 33 -458 -978 895 225 -624 453 -138 422 -6 720
-784 -652 92 488 826 339 -891 495 -193 655 250 382 -415 942 594 -294 -619 -533 -514 -857 154 -825 -157 -545 -73 716 458 704 703 398 -867 898 148 280 -427 345 87 -501 -837 171 258 -930 541 21 183 31 -737 -699 830 267
-721 598 342 -91 -412 -561 -530 492 -736 -273 -990 991 -280 668 811 -788 282 -32 861 -205 698 560 -759 315 900 -567 -256 -471 -61 -73 135 914 -689 -565 255 -35 -411 816 -314 -213 -777 -979 -296 421 369 585 -622 885 -349 -748
-501 727 882 279 -981 -207 -732 285 -174 -523 973 913 659 275 116 995 968 -92 486 703 916 -387 975 731 166 -191 -219 396 -7 535 -560 442 747 403 -25 188 -424 -244 -276 -887 -933 344 654 383 803 204 -840 990 515 -751
-870 -323 23 116 215 -768 -261 489 -818 -379 637 687 -660 -358 -453 -533 693 -767 -593 -180 77 340 764 561 -468 701 80 886 26 -577 219 -425 -374 -756 -178 -477 -968 414 -306 -988 -42 593 50 653 287 615 864 686 -149 -157
376 -335 -797 419 806 798 430 -611 744 -546 -247 -526 418 936 664 257 -994 166 -304 -698 890 678 -122 -910 459 446 -308 401 -626 817 986 -891 -702 -178 474 -895 -369 -538 866 862 784 24 -10 -228 665 950 -963 937 -30 -428
-685 -551 149 -661 613 -563 826 -172 93 -148 103 471 -569 297 915 68 253 -209 709 536 398 780 -346 -611 532 672 -431 408 641 166 -500 228 922 -206 -976 -276 -252 -479 370 -688 -601 -47 -762 -505 569 815 21 -412 -133 224
-820 938 -248 -565 -513 541 857 -140 -743 659 -386 -45 -549 275 84 -545 -76 179 376 397 479 7 -53 -800 29 -314 825 312 -487 350 340 -447 -141 -966 -32 996 -994 -877 810 289 -208 937 -670 449 379 166 871 321 -289 -533
123 -65 -774 470 -448 -129 495 -54 434 655 -999 799 -577 501 711 -621 122 418 332 805 -67 828 -599 614 246 798 -810 447 -472 -467 -403 995 533 -136 312 -884 314 241 460 -734 -967 37 -580 -608 712 -895 119 -522 -549 788
-883 425 -528 -71 -368 -354 468 -403 -287 125 -408 -256 773 954 868 -690 734 -25 351 -92 -187 187 194 -996 323 991 -997 71 674 292 478 -788 789 262 12 -954 912 -394 -31 -109 688 -538 -2 861 -123 -57 197 22 363 -305
-359 488 -410 522 -301 -607 113 -797 830 123 -967 776 244 -649 -23 843 291 2 973 266 579 -286 -719 -792 -921 24 -539 -299 -308 -527 -997 778 -754 275 -670 -953 -594 414 701 -112 365 -845 -377 -704 -124 640 368 -466 -3 -348
-31 820 -939 513 -896 552 685 -303 -428 -45 -365 779 -729 556 -13 20 564 -924 -282 19 348 -829 246 -114 -153 -835 -516 -540 945 649 -789 -682 534 -524 -328 -172 761 -113 320 -845 -422 701 637 -519 -761 -46 936 174 -87 861
180 -793 -780 -199 -540 287 -811 986 892 -12 133 551 176 -172 258 740 759 -361 -611 969 620 789 699 -983 -465 790 -381 26 67 -587 -234 -704 59 462 -590 -289 -478 -257 326 795 225 -812 77 836 -914 643 931 164 -551 88
261 1 -208 -497 -566 -80 880 167 -412 -988 703 263 -460 -708 60 -482 -237 -102 -304 -350 -267 484 458 42 -660 -801 762 -752 -404 -664 113 2 -512 -103 -364 -162 -599 616 -212 -776 -834 -455 -954 -462 -627 708 345 -811 696 -485
-424 419 489 -409 400 92 -596 -58 -124 -863 315 870 -471 202 -556 621 -850 188 -458 -483 293 -649 -410 665 541 -964 -20 -513 -897 -359 812 -619 -953 296 848 -138 -215 597 800 527 -421 -937 999 841 -873 102 137 -836 658 816
828 -898 40 -941 -234 194 -582 -212 581 905 -971 -761 920 -299 -821 273 401 -763 -720 86 826 -691 -208 218 -859 630 -300 901 -371 764 -289 -892 -203 824 -708 911 650 -441 -468 432 747 150 -677 -223 99 -399 371 -270 -702 357
-646 -373 795 478 -290 323 899 698 850 -750 -654 0 223 -337 336 -156 579 51 313 213 -852 -732 226 453 750 802 395 61 31 903 -795 -87 -69 907 -821 -866 983 -135 392 246 919 534 -963 91 -891 770 7 -712 -804 948
-826 -622 -10 -412 392 -872 -644 406 379 80 374 150 -954 -166 877 -532 -736 579 -677 315 -698 124 -689 551 968 -663 -907 202 -358 21 -172 324 -916 -577 221 504 494 -911 -110 640 133 35 442 586 -979 -490 -802 -119 51 134
-410 644 -706 430 -173 -952 286 -525 -946 363 -705 928 -55 990 686 533 982 -556 136 -781 41 -716 729 -744 505 970 837 -305 544 -729 76 17 927 732 54 37 -925 735 -518 -89 -526 -629 -497 -430 -862 310 757 -865 278 89
681 55 929 -223 819 590 992 -188 -274 935 -762 -671 932 -159 539 -244 608 -234 -774 737 463 504 538 -960 119 -706 547 159 132 -108 -296 -591 -243 -674 322 -228 -711 -416 697 313 -894 -720 556 -839 847 545 952 -190 964 948
906 28 201 109 -891 535 -876 702 -250 282 -963 -596 -617 -347 -800 389 -276 -86 -417 732 840 -366 -950 -768 17 -618 514 127 -750 -884 -806 -438 -991 -513 745 -873 -95 -210 624 -744 79 -748 606 -931 -839 591 -925 -889 467 922
-303 223 -16 -252 -155 974 871 814 -477 -936 -447 -13 691 -519 -626 886 -790 368 -69 -432 707 -657 -758 -36 397 413 417 -168 619 908 -523 -414 -922 -875 -491 369 -813 839 -968 745 765 -856 -930 -157 479 181 -77 443 906 817
-89 -702 -891 -201 180 880 931 -736 405 879 -392 -166 -834 -76 -394 -140 -955 -777 -111 688 -124 -581 599 786 -784 -555 788 -213 -28 -224 -398 704 -795 -798 653 -208 -469 -179 732 -358 51 -670 727 190 -188 598 -449 318 841 849
-224 -741 -212 -264 -281 -618 -715 -217 894 -639 -757 53 -358 -698 240 536 -744 704 -683 -205 -112 154 -122 -746 -378 -543 -682 -964 -473 312 787 132 656 -255 -908 -92 173 -717 184 -183 373 138 -227 -337 574 423 -634 709 -528 394
-700 -324 219 258 73 234 -910 409 -468 204 507 -79 -170 316 -790 481 135 -510 -181 446 494 -360 267 375 959 -347 -21 735 -760 -2 49 429 -284 -629 -453 -127 -111 -156 126 -348 988 -374 510 915 643 654 776 702 -249 25
837 257 -442 297 -622 938 982 535 622 -362 -673 526 -438 -502 -956 819 -469 -919 -685 -230 -631 129 211 38 993 951 -990 -327 -287 -244 -543 929 809 -599 971 910 -977 -108 -407 -164 212 109 -192 -247 802 -84 -940 139 140 -612
417 30 -781 646 -89 -104 -925 444 -758 714 312 300 777 -868 578 266 813 -212 -743 -328 199 261 -8 -688 164 -424 659 222 -783 547 112 153 242 -807 594 982 -738 139 356 507 246 -640 -657 -620 -908 -923 -845 -678 -402 89
150 -476 -351 707 210 979 -822 522 585 -590 968 -15 425 446 78 -920 -388 -321 828 -946 633 380 659 611 296 972 332 346 908 -187 765 93 90 -715 398 -130 -814 152 10 615 619 148 315 -930 -473 31 594 91 -603 352
-172 -232 -29 205 5 -341 318 -48 19 -114 -835 -49 997 483 -190 -721 -834 -676 -491 -713 420 -610 -366 -702 -296 -979 83 394 239 953 -566 801 348 -554 -854 896 -659 -230 562 509 -871 -540 -211 134 890 170 776 543 -937 -384
-298 43 -595 -484 17 -304 377 -373 -194 -353 -221 439 -37 -175 -833 -683 -966 -461 802 -843 407 -663 -753 -646 -529 897 -991 880 -320 -438 963 167 -460 -479 -153 -457 -678 490 -634 -750 -940 864 295 -799 -267 5 -254 400 98 701
-283 995 -782 -820 224 -38 -913 357 532 956 -945 -539 123 557 -483 -822 206 981 -303 -166 354 -500 -377 -570 219 -142 639 -263 -662 266 581 485 823 -384 -920 -32 135 786 647 167 -732 -917 -595 -29 -644 -45 974 126 747 326
-588 823 37 -234 -707 -120 -42 946 -496 555 982 -735 83 178 193 251 -461 248 387 337 815 -358 707 954 640 -837 899 -456 -19 -633 -927 -614 -131 -540 932 -538 -928 -875 926 581 175 -395 624 -450 655 -117 142 -885 572 -811
641 -433 -245 -448 -872 318 680 -312 692 -996 987 147 -581 807 -183 -168 -519 -485 -580 600 -798 -355 408 -91 714 -446 -5 -374 -509 512 -527 401 804 -317 906 989 -66 321 -428 261 -906 149 -434 909 199 -621 962 947 908 -127
718 -412 -553 473 -310 -880 -349 829 -875 420 -118 521 -884 -363 -462 559 -322 902 -222 -35 -155 623 944 -381 -204 260 -500 194 611 904 205 -72 207 868 361 542 -707 -171 75 -607 -639 -666 459 475 -942 456 -330 376 40 -78
-763 -267 791 -975 905 862 -801 699 108 -430 -239 -945 940 -869 871 309 226 686 923 738 -819 -399 3 -527 -455 -703 -326 896 249 -273 -252 -17 42 -568 536 -614 -316 853 679 926 774 983 861 186 506 -628 739 761 -997 -470
89 -854 502 -35 -813 430 293 952 -432 778 -548 803 -954 14 648 474 531 -987 386 -897 -270 441 -27 169 -826 234 -272 -341 -579 543 587 651 -274 480 421 733 319 -638 -214 655 906 215 338 443 -687 669 -343 173 -815 726
993 841 998 -70 860 656 367 -239 184 709 -652 501 366 -49 348 247 -729 880 220 -517 -795 749 352 -198 -18 223 -216 675 -425 703 862 -142 447 -431 -823 744 -537 112 150 493 -801 -532 -417 988 -231 335 -688 166 711 193
-685 -833 944 162 -456 -926 968 -458 269 430 595 681 -468 -99 -510 -172 885 -745 46 -71 148 42 571 191 -951 761 206 -339 -306 132 -138 -890 -980 -661 -850 -602 988 -179 134 -317 506 666 -357 767 -884 840 851 -772 -156 -473
82 -930 94 -564 -588 -770 -239 -409 -249 53 -424 -927 66 -472 -777 -894 -1000 20 186 624 -441 -246 731 -478 530 -380 -484 -60 116 -114 -502 348 -954 521 500 -12 -352 -623 -44 -150 -722 -936 -493 -537 -310 625 -733 196 599 -902
837 -171 -167 772 -327 692 -177 -895 -210 -230 -314 -293 -891 679 817 -440 964 144 478 -696 -146 227 142 -339 300 -325 -368 436 72 -82 23 298 841 -124 109 737 578 -387 895 469 -318 909 -554 -949 -129 -256 -648 612 -848 -565
535 -322 -274 -582 121 -124 -780 489 950 623 530 -119 302 628 519 -957 -448 308 341 -939 -77 -268 972 845 565 824 -911 69 922 52 481 731 -170 -578 -182 266 -824 -138 -344 899 -285 -199 -661 437 436 418 -468 479 777 674
-27 642 617 -203 -788 -353 83 525 454 202 -529 869 -644 745 917 -534 -127 -457 689 424 -668 -410 -556 -162 -580 -470 119 -735 -58 902 452 -687 -903 -283 -458 737 344 -633 -371 -816 51 -239 808 -750 922 644 441 -268 363 178
306 -962 74 -192 949 -865 495 -566 236 -997 -718 110 529 619 -365 -655 -184 -822 -171 -405 -531 -863 240 60 655 -37 -509 361 -586 -560 -841 -249 696 -113 868 10 -719 750 -232 44 840 326 -652 963 862 37 -803 312 612 -536
-145 -632 -129 360 -560 220 516 -62 771 -36 676 806 212 634 -940 138 21 209 564 495 998 631 -107 83 944 343 878 279 227 96 278 316 210 -847 -228 -536 -891 -603 -234 712 656 483 -795 773 900 -270 -708 412 330 -677
801 172 -832 -85 -22 -768 -419 476 133 -812 -72 -297 588 670 214 894 99 848 -339 -455 699 167 -409 -604 -136 -616 -497 -450 -735 -523 109 798 949 -284 -336 -788 373 8 -585 527 -158 -498 651 -950 -320 -407 -817 -681 627 -71
166 854 239 -458 837 -111 -297 538 296 625 728 -524 -387 -870 -242 987 -213 -492 -133 -221 247 -457 -173 221 693 974 564 -22 495 178 193 877 -227 632 -144 -898 980 775 -777 317 576 481 121 326 960 402 -60 55 -557 -212
-77 -236 791 -410 612 513 608 697 161 -303 -594 -622 426 165 941 198 -376 884 -956 -954 -757 -140 -349 521 30 -79 882 -359 322 96 780 -645 -804 93 -251 -362 -962 141 -317 -59 -232 818 -285 709 519 998 -286 -745 -533 -354
-780 34 -235 -601 119 -858 -782 992 -815 -729 -771 844 -82 155 52 -801 94 -252 974 -234 329 -373 -877 672 566 -167 -87 -84 538 664 981 -102 -271 -396 609 90 -243 -470 512 -415 -338 -255 699 170 986 -602 642 267 -709 843
-667 -914 536 -353 393 402 38 -70 914 -71 154 -100 -34 946 -675 750 899 984 -113 403 -110 -236 715 -482 870 -457 -488 -287 978 -845 742 971 -446 -219 -169 -472 -606 16 -979 189 -960 -722 -144 -867 -469 615 236 -416 856 -106
482 -945 758 314 -608 648 682 342 -301 -117 -968 -881 955 -462 -821 740 652 546 746 -966 -74 679 566 -826 162 -723 -204 542 771 131 650 -187 -991 -178 301 -170 264 -640 181 906 -194 604 -389 198 544 -20 914 775 221 -931
228 -527 -85 989 370 21 668 -448 -740 925 548 94 557 721 -427 -340 -104 -271 -947 -233 -512 566 201 -914 1 -594 -744 853 187 382 -164 -986 -733 -456 443 -542 268 -859 -736 643 931 -855 -677 -638 -71 -502 282 -338 522 642
-908 -98 466 -12 563 -851 -336 -746 562 -50 -974 -95 28 -795 249 455 -47 -798 96 712 -548 -716 -794 82 -999 354 556 390 -814 461 -259 282 326 -54 -712 905 101 406 346 896 820 113 657 23 -367 694 -513 477 69 363
997 311 83 22 -574 -790 385 -692 -333 285 -741 408 259 228 -869 -531 -271 838 -311 233 -489 84 -296 502 -707 -267 184 -559 -94 949 -660 -803 -263 -71 685 -26 -100 289 -416 216 -745 -787 -102 247 785 671 -594 -673 -736 -67
-249 577 700 702 111 562 685 117 110 -131 921 -628 498 -388 -722 319 696 -209 612 660 -578 -340 344 427 -79 -314 229 372 -922 387 851 -785 853 -402 -714 -634 -678 -600 873 336 -872 -659 301 -258 -82 152 -395 -814 -639 368
749 926 -99 610 -524 956 -378 -855 -614 -331 -543 128 -257 502 397 896 400 -243 -854 -655 951 543 -505 -56 324 792 -66 735 -965 266 277 745 409 578 -831 -486 601 924 -850 -52 177 114 505 -758 -362 693 322 -30 -542 -8
198 241 651 454 685 963 -832 110 -457 -918 -606 -485 546 -949 -861 847 -514 426 791 41 667 -545 -397 -160 117 621 988 -742 -84 -206 251 -45 857 322 103 892 -646 71 679 -508 -423 -616 895 573 105 448 -796 451 -182 708
-344 855 549 816 -234 539 937 -836 -673 -490 626 573 -225 -703 -368 987 799 849 -314 -101 49 59 -21 950 894 410 -252 -186 -219 -860 -405 -156 -645 974 -76 578 -330 796 923 795 -981 460 -957 438 55 -942 -989 -385 -567 490
443 584 556 178 358 -234 -157 865 239 138 -491 -133 551 792 615 232 -135 -608 -554 925 346 -974 -165 -583 -324 -981 -875 -471 117 -877 319 -930 596 -80 -156 -298 -932 -732 185 -886 505 461 -906 -387 894 187 642 457 -599 -254
-458 821 413 683 -234 -772 -644 -142 -181 -839 -663 -154 -869 123 -680 -765 707 242 532 -603 -485 267 338 -797 -694 320 902 936 -803 -238 -192 768 877 905 -845 -414 -484 460 621 -501 833 113 -182 -674 -427 161 425 727 709 518
276 115 814 -261 556 160 -930 -666 772 540 437 -19 -32 -273 269 -730 -397 183 408 -574 -336 449 887 -560 -505 -421 321 697 -358 715 -132 977 -641 953 981 -390 -68 892 -287 -491 -29 -151 875 -106 204 -909 793 163 727 819
-873 -644 -353 807 -656 -57 3 943 120 349 -162 223 280 793 -78 724 -694 113 -696 -496 253 -721 372 -484 916 -2 14 962 193 -462 -800 304 691 -642 432 -256 705 273 -729 -548 -424 -776 816 523 531 719 -636 -892 9 -354
-158 479 756 262 -805 -713 444 -29 238 659 312 -519 24 -39 723 762 65 64 -497 -597 19 140 -5 -452 -791 581 971 -203 72 -921 -780 449 -775 -42 379 545 -78 142 991 -362 832 -764 705 844 185 603 521 -205 6 497
872 -146 881 -19 402 604 -528 -478 565 -536 370 949 -925 759 440 547 -144 -268 266 -490 -105 -887 652 -148 701 854 891 -150 538 -750 -678 541 -320 -627 103 426 -726 -556 -871 317 -273 576 886 862 -410 897 185 -38 840 -941
-227 -641 -676 -412 355 -934 480 864 -225 396 768 -332 354 362 -237 -950 -434 -779 891 369 -113 408 749 -708 -423 -579 415 -815 -169 -722 424 281 750 389 195 -976 -620 445 64 -572 -7 954 523 -814 773 232 270 -80 -127 134
-184 409 -560 943 101 -808 346 898 735 -814 -534 -536 -975 704 757 461 333 -826 304 -765 -419 -293 -166 -39 -675 -564 201 390 997 476 -738 -75 530 -949 -298 633 -803 659 978 738 230 -763 825 -747 928 625 777 151 -288 -268
[RUN #2 50 100]
353 407 -871 226 -898 97 -905 -673 -430 516 -584 -558 -768 -363 408 373 531 -890 -419 505 764 -57 -273 -126 -714 188 355 -605 -899 872 332 -174 -649 -234 881 484 511 -990 389 -254 -501 941 -344 481 -211 -18 -829 -594 189 -143
-830 -736 -326 -436 -943 -318 -973 -418 466 588 -252 -533 182 921 691 -853 460 834 -988 929 -245 409 -213 870 629 946 -134 -293 2 -488 -795 790 484 -898 -309 985 -923 992 594 517 244 818 422 34 -18 -87 132 308 277 -886
774 -266 857 -499 -921 -204 391 -189 433 -975 -772 19 -833 -468 65 -3 829 -883 -928 889 -60 -348 106 57 -357 786 -700 -871 912 -440 -904 206 -359 -341 715 263 470 768 178 -711 -365 -377 -941 -59 -825 615 -987 -46 708 866
310 -24 330 -594 -406 -352 -487 -99 64 -211 78 486 -667 178 -308 -16 -457 -286 764 773 -936 365 -982 -76 914 -842 684 608 600 572 -973 -350 -514 -626 -315 -443 -17 -134 749 -754 588 -498 -409 617 -244 79 258 798 649 611
639 -37 -459 -24 800 -33 700 -650 224 245 -438 147 -53 -447 491 684 768 141 -700 17 -344 -248 -524 90 52 132 925 285 -402 -135 -303 989 -888 -475 195 626 668 804 -871 -463 508 -427 -237 -575 783 688 -420 -355 42 105
-352 -465 705 -475 556 -191 -481 -157 -332 868 911 2 691 667 869 877 161 701 269 -148 -636 -722 765 -485 27 -25 261 403 -999 324 81 -933 -272 -60 932 -823 -694 480 -507 -558 761 -817 -709 127 318 704 -876 -239 98 158
[RUN #3 50 100]
-796 -715 982 -655 -501 -722 -228 695 -587 42 -191 -748 845 -543 517 -710 -227 -472 -167 -151 430 -765 482 903 -661 -369 -100 705 -531 -986 -163 57 649 -547 -492 -114 -309 242 -368 917 -751 -279 141 -18 -488 884 195 586 637 -291
-386 314 390 -352 -320 -929 -585 -815 87 136 -822 862 833 -470 -231 179 766 544 557 391 504 -563 -377 -618 -4 -828 -695 424 -450 -346 336 668 352 918 572 367 -359 -830 214 781 939 379 672 -623 -199 692 206 121 -53 -865
940 -170 -133 146 962 921 976 -224 -137 9 954 -598 -373 796 426 303 511 892 -578 880 860 680 457 -582 -777 29 -759 -459 -103 804 -162 -807 430 -288 -153 -544 848 521 873 -28 558 278 781 11 588 -354 -119 -539 795 686
281 186 771 -66 22 -437 583 402 -158 -258 436 634 67 -577 -849 426 -451 121 -605 -407 64 -895 -772 672 259 -168 -212 -221 -647 -273 -717 -424 113 249 -377 -306 941 -35 227 577 556 -908 312 497 924 -357 146 404 934 -29
[RUN #4 50 1]
321 -909 827 459 -468 -632 -698 -599 514 -13 236 -452 162 -6 456 -567 -667 724 -65 -36 362 -981 -788 284 172 570 245 -722 128 481 57 654 -25 -113 -697 667 -400 21 -410 118 678 -453 14 546 870 -89 -408 586 401 -104
[RUN #5 50 1]
-126 -111 -858 68 -350 -288 561 -118 170 44 -182 -571 852 -70 55 430 898 584 456 -899 -77 712 -409 -787 877 656 -880 142 -128 -1000 855 -279 -339 280 -665 299 -660 -683 484 733 339 -675 504 914 9 912 612 -432 -467 128
[RUN #6 50 1]
693 63 92 -204 -427 -449 153 574 -567 448 544 833 -402 -569 626 216 711 318 895 381 -354 -815 422 816 -890 -398 95 721 -545 -325 900 -436 666 -218 497 162 338 -913 -497 858 417 -264 -881 -532 355 -922 -486 919 -358 447
[RUN #7 50 1]
-367 232 44 787 698 457 -667 90 671 553 289 -846 -110 -979 705 746 383 843 -232 271 900 128 -517 883 240 -753 544 -918 -309 -716 207 -890 -274 448 -741 -612 -335 850 782 -197 -201 -461 292 -351 475 991 -671 -866 12 -101
[RUN #8 50 1]
60 162 -478 -479 173 -225 -296 -121 -441 -789 -772 319 -608 537 32 -798 822 265 -513 682 297 337 -42 -272 961 -269 -643 -456 421 414 -36 -928 774 -653 -774 -308 -978 363 -233 -362 -443 -950 132 191 227 -506 564 -650 -310 -373
[RUN #9 50 10]
440 0 -19 -111 -978 169 -934 -656 -565 704 -497 521 903 -657 332 250 -307 -160 -814 639 -269 114 712 118 -178 -9 -852 830 -854 -96 653 906 680 581 -388 633 -639 575 -543 591 -129 65 -915 -951 -330 -633 -844 694 493 857
-195 -379 101 924 445 73 -804 -68 934 -469 258 -750 -535 587 -165 507 957 -996 -607 968 -794 979 929 645 990 -727 307 -55 -356 628 259 906 -881 -409 159 -782 -357 -262 -62 774 -860 -507 875 829 467 138 -467 -250 -597 -938
934 265 -765 449 160 158 918 -372 48 891 701 -144 -78 -88 182 -878 -424 575 -689 -909 99 211 967 -13 -264 -965 -963 311 192 -850 900 -115 989 -682 741 645 945 -597 -438 778 -129 386 272 -725 -991 282 -982 -816 -837 939
-824 511 575 -330 858 741 731 -144 710 -983 -878 780 -740 -1000 689 755 -51 204 -293 103 132 -599 -974 434 106 982 -592 171 -444 222 -606 -56 663 -758 -276 -503 -375 967 362 -137 -386 925 -356 229 212 695 -766 704 -981 809
259 865 416 -809 -223 -99 -69 -481 745 -673 449 -295 -948 356 -190 261 879 -897 545 -186 348 930 -762 -98 327 -408 -641 -892 355 -569 -698 -556 170 544 210 380 167 639 -830 -628 -422 162 118 764 -547 -381 -622 895 836 -797
589 929 -985 -806 652 -791 -241 356 472 872 -954 -522 -796 246 -877 974 973 373 239 -204 570 -462 414 810 536 654 -162 -171 -93 504 -179 984 -770 -515 949 -94 292 -601 -318 841 -381 456 -246 205 -34 140 -150 -77 642 196
-959 527 -340 -432 333 126 183 -125 495 65 -486 -64 -666 600 282 -842 597 -195 340 208 423 -90 -639 836 41 752 113 -386 684 225 -974 -651 588 -110 400 161 348 -761 539 -599 -837 178 -337 -679 419 631 -449 -661 615 -618
465 331 -994 434 -130 535 -933 204 761 491 454 -10 200 -298 515 -729 1 -938 813 388 543 856 746 122 -406 -370 837 620 -648 -601 787 191 730 362 921 795 -156 252 -213 -261 -786 812 -365 -762 -551 -702 544 703 168 448
626 -266 -689 -611 214 -960 831 452 251 390 -454 655 -48 -415 424 838 -931 -718 -13 445 -150 -184 -440 -224 571 -47 122 66 -663 -405 912 -105 -389 -153 -412 786 498 -100 -285 -354 994 -15 -149 -901 393 -238 -477 136 294 -696
294 -699 720 -210 859 -416 142 406 -803 802 -621 -652 431 747 -951 13 -442 834 795 -834 333 727 -272 -412 765 -760 585 967 719 990 -666 218 -191 227 282 131 311 -635 -819 539 -40 941 -118 -745 248 -948 541 -753 971 -238
[RUN #10 50 10]
-630 792 628 568 956 -307 927 284 75 972 -781 845 216 781 -67 -435 642 400 954 303 457 824 -671 430 541 487 620 441 -396 197 273 910 109 -681 413 -268 -356 612 -822 312 -677 958 -302 501 269 162 267 332 -441 -440
58 -41 807 -649 -334 -995 943 -288 -888 754 483 295 -671 462 -343 -401 662 -781 476 163 -596 561 439 -123 -745 -893 -755 -428 -376 -831 923 -318 -470 -65 658 -375 218 537 -538 -404 -378 486 198 922 400 -926 233 819 -859 705
514 84 396 620 -259 276 -252 903 -856 648 -418 195 -758 501 -6 281 -113 446 -17 438 -787 -170 -361 -396 717 -429 -735 626 758 445 -685 293 -216 -985 505 -52 931 -809 -284 641 347 734 -679 853 -419 -177 157 628 737 723
771 -268 106 -525 247 305 767 -311 -494 -181 -741 398 72 989 275 687 -661 -205 329 -989 650 890 212 -870 -993 411 -941 588 -48 972 -264 -288 440 -31 -533 -369 -948 -429 146 392 326 456 -146 644 863 -16 821 540 406 340
-893 -447 673 -889 917 -872 -825 -570 802 212 -467 828 353 385 -907 498 -927 459 -898 203 -322 -886 454 515 -933 -118 -838 -683 955 -891 412 744 158 607 455 -51 -88 -732 -666 -317 -454 875 -836 669 -305 425 832 -415 102 415
-379 -18 -331 -480 806 -506 879 -326 850 33 -106 712 947 326 -524 99 630 381 69 945 -304 163 410 -936 -528 -775 -72 841 -254 -912 171 208 -783 290 -226 654 595 376 -96 693 -531 145 -190 234 -753 956 675 755 -14 677
277 3 596 -723 -890 170 -796 -906 -814 8 940 -932 -142 731 688 -869 967 -561 968 12 824 -722 216 -794 -710 499 739 -134 585 329 297 53 -553 -666 -872 942 236 -402 800 608 286 -788 -657 781 615 -711 -693 -53 -182 -725
-344 -549 -77 -403 84 592 -74 957 710 532 -301 -176 -805 -406 94 824 913 -422 620 -616 -369 58 918 -539 736 554 888 772 176 -764 -927 714 445 -128 -795 -769 152 -109 -261 -162 -655 -631 -76 -861 111 -871 -615 769 -596 186
269 -616 -979 -410 758 859 663 732 831 -718 -334 -351 -800 -868 -496 -95 455 182 305 -701 861 -955 542 944 -600 754 -830 837 -714 169 -219 -159 -155 -720 -669 618 795 550 571 651 76 673 -759 -274 -343 -301 -984 -591 -432 811
990 38 -793 -69 28 -784 946 694 -716 -281 892 -846 576 577 411 -169 -701 960 787 151 936 -221 910 -776 -465 -151 179 -803 822 -712 919 -65 748 -761 981 712 246 455 -127 -615 176 -560 362 843 783 610 441 -870 924 713
[RUN #11 50 10]
-540 -616 100 832 -693 157 -241 -617 -132 636 351 740 -545 11 322 841 470 209 994 391 -127 -826 -629 613 88 376 -357 -679 717 -190 37 -237 -383 -83 284 326 752 -619 500 558 -817 -655 -341 -811 179 -96 29 -854 387 -858
156 -423 -355 -733 -264 -127 -836 625 441 -371 978 97 -749 -981 -223 401 -316 760 -218 989 -683 669 -651 -332 327 456 192 184 835 -310 -284 987 -166 128 -39 -811 -920 461 -239 -350 -626 -115 -879 -539 87 -304 364 125 111 -258
-764 380 405 738 566 685 -690 -598 -992 68 -850 93 -677 -907 304 279 649 36 862 -785 838 839 567 358 921 -50 -807 -750 -37 707 182 -226 868 429 -990 -236 217 522 -543 94 -358 -430 -930 -614 -213 -28 271 964 597 561
-189 611 763 227 -702 -721 424 -728 -763 144 111 -869 872 -396 58 -579 655 977 -875 630 -203 643 -520 -358 502 -460 -386 299 563 -131 -679 292 -124 -440 -248 672 -197 -711 -230 687 -997 579 -284 50 -354 -632 696 -421 377 741
56 832 950 -849 -377 -3 605 280 -230 494 -863 -568 85 741 330 -580 254 -571 411 -661 -560 422 456 861 -487 -258 874 26 -65 803 737 -325 -839 187 -211 363 798 -52 562 539 534 77 763 331 234 -745 -782 -112 145 -550
-237 -198 -104 978 -98 -753 571 163 689 460 -263 830 221 493 -884 294 -508 -489 -539 -724 -829 -807 90 -461 -537 -74 224 311 -460 92 -451 -258 -448 -187 601 677 -986 -418 -518 212 107 -682 -872 -450 -147 614 -900 539 180 588
562 -930 393 -998 -686 -262 647 487 679 -213 820 -103 -784 521 317 -514 435 -434 455 -304 -945 895 944 -281 -598 -357 -716 -707 -232 178 362 -67 979 -826 307 -851 -562 173 -649 -25 -444 -672 -478 -22 828 451 118 -890 -831 -877
-64 477 117 -632 -319 -783 88 762 534 -679 -9 -511 599 -213 775 -693 -849 596 38 349 -696 -8 -264 -300 -615 -252 -645 604 847 698 966 152 -455 421 -905 538 -843 141 76 -773 -86 -970 -365 692 -898 947 -595 368 108 -648
-697 260 52 -80 -503 -260 455 -468 -190 -704 -213 -117 -393 -850 46 478 141 857 -168 920 -471 -6 -330 468 -669 129 249 884 883 -221 223 -755 423 209 -831 -46 -696 -373 886 -262 285 -708 71 -380 99 -445 229 760 88 577
862 805 -48 -516 526 786 -796 -368 981 260 577 772 895 -619 -428 118 -178 210 -310 584 -542 -243 575 -55 -962 -651 587 -187 -825 -99 392 510 -545 335 -410 176 954 -964 -98 -838 937 476 546 177 91 -850 284 679 988 -344
[RUN #12 50 10]
-972 229 645 973 -601 107 335 -606 -958 -431 964 294 -180 353 242 642 -660 -884 -785 572 -929 972 -137 -279 986 -309 -445 101 482 -544 626 905 -603 -176 382 723 -741 833 -847 162 446 -397 -465 -213 552 -639 574 -10 176 266
861 -455 238 290 751 -441 615 -331 -486 882 852 106 668 273 533 8 14 494 -593 171 -857 712 -133 540 -385 349 802 995 -867 795 -430 748 -115 784 -739 868 -343 904 -861 -887 -217 955 -992 -107 -126 883 356 347 -707 -334
-86 553 -415 708 818 686 769 642 277 283 435 275 291 375 914 -427 -385 -159 242 943 -564 407 -920 146 314 96 458 -439 -201 -997 -697 198 57 320 620 171 -854 -851 263 -337 -691 858 861 133 -264 766 460 -945 -310 382
82 949 209 -932 -62 -545 -58 412 -867 -449 444 506 986 895 635 718 -951 350 450 766 -555 489 787 456 237 964 124 837 -527 890 603 -396 192 193 291 -640 -609 374 692 333 -999 127 -594 516 -788 138 306 -115 342 783
-870 954 766 -473 786 -980 -651 2 -708 291 646 502 -176 676 -594 638 99 535 538 -39 -703 474 380 394 717 428 -625 565 392 965 969 -793 509 175 -216 -587 974 -521 81 -655 -160 611 -517 335 -20 -790 -823 195 -200 531
-212 742 -345 -10 -89 -736 403 316 -571 721 818 525 143 -115 -587 -2 -231 931 113 -268 -634 725 836 310 516 828 -31 453 871 596 42 320 -725 -466 -171 -322 -583 -240 -847 815 387 489 -878 -618 -493 -339 864 286 -184 -545
700 870 -472 83 805 929 132 106 -394 593 -936 -799 524 -179 -642 -910 -38 151 371 163 635 756 -724 -542 -390 139 356 -508 -838 -559 -229 -710 844 698 -903 750 179 574 856 98 988 -768 -354 -423 -655 878 407 -59 -758 634
920 125 -205 649 687 89 162 972 942 -923 5 583 894 387 501 -877 -709 512 -411 634 -766 -926 554 32 175 -661 -622 -488 368 -743 -856 -635 919 -508 -860 825 -252 513 556 -251 607 -352 -299 975 -1000 706 245 -664 391 339
-891 -263 476 584 -975 -172 -50 145 712 3 -612 632 -629 859 -525 48 129 960 -908 101 -960 -867 -672 62 -922 896 -520 531 87 327 984 -386 547 -709 -619 -905 -547 805 31 -227 -446 -275 297 -943 216 326 770 -932 435 911
-524 700 792 -206 47 -478 373 -705 -198 357 260 -901 -712 -684 421 489 318 146 82 351 -511 625 106 -522 -447 907 -959 288 -820 -756 4 292 -423 290 -776 560 -468 -254 355 -675 -291 -873 -455 528 709 -62 -32 -613 416 296
[RUN #13 50 10]
-701 -992 -637 -538 352 28 -661 648 79 599 -735 468 576 801 123 -419 -56 -314 323 -247 418 453 499 -535 -888 182 326 324 376 206 768 241 481 -489 135 281 99 462 375 -73 114 -874 -122 405 477 -760 -698 -417 -556 -560
-617 -891 -534 -71 -3 -708 -478 -440 347 -536 -655 -507 -353 552 817 -715 -699 921 367 715 -621 -419 176 137 436 -765 -210 -612 597 -781 154 -228 803 -593 833 981 980 -286 -332 -569 321 852 -757 73 752 816 -87 -700 265 553
816 714 -495 784 -219 202 -606 749 -282 479 332 -21 -862 -9 -499 391 133 490 628 829 -708 -820 48 -979 -453 -455 922 77 51 776 -750 -591 -814 -463 -967 698 692 950 -518 873 468 444 677 -781 -264 560 -976 436 -189 -313
-802 -78 60 -749 -956 147 83 103 798 982 -529 -807 46 -688 92 -625 549 -161 -636 995 -785 425 -60 317 -905 716 -67 493 88 277 248 -280 -652 -299 -827 -733 -578 -672 -373 -951 739 972 -158 -346 -682 -222 -834 -804 111 -541
108 -70 793 -611 585 363 -342 -980 -330 964 427 -169 -201 -734 479 607 -735 869 802 219 -288 44 -111 -54 997 -751 -604 -945 -191 273 474 984 -414 -426 790 628 -307 -416 -491 137 -381 -575 576 -116 -920 -937 -130 361 -679 70
930 -686 -452 -208 608 -770 -688 717 691 -95 -893 -204 492 96 -568 23 212 830 -646 577 106 93 -755 191 -158 -146 -905 451 -680 -926 -2 -66 673 -296 -299 -535 -203 503 728 714 617 -672 -192 -193 -97 942 -753 -405 -901 -867
402 79 -590 356 -53 -705 -833 -290 -736 885 932 42 839 -994 687 418 2 -660 -768 682 241 -946 -130 962 361 -606 -876 489 -280 -431 114 -385 101 -550 654 -697 406 683 -965 -412 -759 -192 -667 -926 -847 -801 274 139 669 -149
[RUN #14 50 1]
-519 -52 -260 -781 -635 -96 182 163 666 -589 211 -55 -351 554 587 693 715 908 895 438 -632 55 311 956 -684 530 603 271 868 -915 370 -901 187 72 297 69 406 517 35 545 628 -776 -550 340 -867 -245 -602 901 157 805
[RUN #15 50 1]
157 -664 5 988 -692 196 142 599 13 -639 -611 300 815 143 -21 -325 -375 628 -398 704 756 802 -77 -813 509 292 -502 -845 562 834 736 -60 0 176 112 -352 -257 -350 67 934 464 -172 415 344 576 -436 608 357 -70 755
[RUN #16 50 1]
138 -593 759 754 958 354 -243 822 312 683 -317 -260 -183 336 256 946 969 -956 345 -579 -674 488 -326 317 464 2 178 -282 -482 -689 -906 994 -151 211 37 539 554 798 -858 777 572 -38 -975 -859 -747 -96 -581 -738 402 -667
[RUN #17 50 1]
142 248 -646 -146 -644 -120 -750 634 -404 244 86 -675 -213 191 867 -764 -372 -466 -749 892 884 -564 -467 -389 648 -608 -790 -63 720 -711 270 -737 563 518 544 -191 -670 -886 -193 -147 374 -130 -633 -814 264 -925 -870 -778 -982 -12
[RUN #18 50 1]
-967 -962 -725 904 482 833 561 296 -30 -679 472 175 -741 252 347 186 763 -111 210 -925 -92 52 878 277 -862 -447 663 -393 310 471 682 607 -107 585 473 -651 -691 740 976 -205 799 170 639 931 -258 -114 -338 568 26 -227
[RUN #19 5 5]
-120 439 -608 704 -412
-221 890 594 -476 972
565 648 -585 -393 -979
592 505 725 170 656
639 947 -385 -734 -973
[RUN #20 5 1]
892 -558 313 664 -239
[RUN #21 5 1]
-838 -286 362 956 -270
[RUN #22 5 1]
-957 -778 745 -1 338
[RUN #23 5 1]
17 -76 506 268 173
[RUN #24 5 1]
556 -921 408 507 16
[RUN #25 5 1]
-417 753 -189 -555 532
[RUN #26 5 1]
43 -837 -119 88 481
[RUN #27 5 1]
-847 562 -646 433 974
[RUN #28 5 1]
-204 -694 399 860 213
[RUN #29 5 1]
-372 -977 919 -476 466
[RUN #30 6 1]
991 -381 -379 145 -746 -826
[RUN #31 6 1]
-803 51 519 411 554 4
[RUN #32 6 1]
-201 895 740 673 -184 -935
[RUN #33 6 1]
-842 934 -279 680 -525 839
[RUN #34 6 1]
-582 -945 384 661 829 59
[RUN #35 6 1]
645 -208 376 579 -563 -585
[RUN #36 6 1]
-88 390 200 -114 663 -836
[RUN #37 6 1]
-690 -140 -385 127 612 861
[RUN #38 6 1]
-373 664 797 494 30 -293
[RUN #39 6 1]
1 622 927 -176 -556 799
[RUN #40 6 1]
744 23 610 -175 630 666
[RUN #41 6 1]
636 733 190 104 337 729
[RUN #42 6 1]
-651 -188 966 344 157 -392
[RUN #43 6 1]
427 -604 542 195 454 857
